2023/07/07 14:44:41.343  [I] [main.go:20]  hello beego
2023/07/07 14:44:41.377  [D] [admin.go:86]  now we don't start tasks here, if you use task module, please invoke task.StartTask, or task will not be executed
2023/07/07 14:44:41.377  [I] [server.go:281]  http server Running on http://:8080
2023/07/07 14:44:41.379  [I] [admin.go:92]  Admin server Running on localhost:8088
2023/07/07 14:44:41.380  [I] [server.go:281]  http server Running on http://localhost:8088
2023/07/07 14:44:51.236  [I] [object.go:87]  Getting All Objects
2023/07/07 14:44:51.237  [I] [object.go:95]  All Objects Accessed Successfully
2023/07/07 14:44:51.238  [M] [router.go:1390]  ::1 - - [07/Jul/2023 02:44:51] "GET /v1/object HTTP/1.1 200 0" 0.002292  PostmanRuntime/7.32.3
2023/07/07 14:44:54.319  [I] [object.go:59]  Getting User-Specified Object
2023/07/07 14:44:54.320  [I] [object.go:74]  Specific Object Accessed Successfully
2023/07/07 14:44:54.321  [M] [router.go:1390]  ::1 - - [07/Jul/2023 02:44:54] "GET /v1/object/1 HTTP/1.1 200 0" 0.002450  PostmanRuntime/7.32.3
2023/07/07 14:46:00.479  [I] [object.go:27]  Creating New Object
2023/07/07 14:46:00.485  [I] [object.go:45]  Object Created Successfully
2023/07/07 14:46:00.489  [M] [router.go:1390]  ::1 - - [07/Jul/2023 02:46:00] "POST /v1/object HTTP/1.1 200 68" 0.007265  PostmanRuntime/7.32.3
2023/07/07 14:46:07.043  [I] [object.go:108]  Updating User-Specified Object
2023/07/07 14:46:07.048  [I] [object.go:126]  object updated successfully.
2023/07/07 14:46:07.049  [M] [router.go:1390]  ::1 - - [07/Jul/2023 02:46:07] "PUT /v1/object HTTP/1.1 200 69" 0.005399  PostmanRuntime/7.32.3
2023/07/07 14:46:14.197  [I] [object.go:140]  Deleting User-Specified Object
2023/07/07 14:46:14.202  [I] [object.go:155]  object deleted successfully.
2023/07/07 14:46:14.203  [M] [router.go:1390]  ::1 - - [07/Jul/2023 02:46:14] "DELETE /v1/object/3 HTTP/1.1 200 0" 0.005249  PostmanRuntime/7.32.3
